Oct 26, 2023 2:56:25 PM ring.central.CentralServer run
INFO: - CENTRAL SERVER: endpoint running at port 8000 ...
Oct 26, 2023 3:33:13 PM ring.central.CentralServer run
INFO: - CENTRAL SERVER: endpoint running at port 8000 ...
Oct 26, 2023 3:33:21 PM ring.server.CentralServerImplementation processHello
INFO: Received Hello from: 5001
Oct 26, 2023 3:33:23 PM ring.server.CentralServerImplementation processHello
INFO: Received Hello from: 5000
Oct 26, 2023 3:33:31 PM ring.server.CentralServerImplementation processHello
INFO: Received Hello from: 5001
Oct 26, 2023 3:33:32 PM ring.server.CentralServerImplementation processHello
INFO: Received Hello from: 5000
Oct 26, 2023 3:33:35 PM ring.server.CentralServerImplementation processHello
INFO: Received Hello from: 5000
Oct 26, 2023 3:33:36 PM ring.server.CentralServerImplementation processHello
INFO: Received Hello from: 5001
Oct 26, 2023 3:33:37 PM ring.server.CentralServerImplementation processHello
INFO: Received Hello from: 5001
Oct 26, 2023 3:33:38 PM ring.server.CentralServerImplementation processHello
INFO: Received Hello from: 5000
Oct 27, 2023 3:47:07 PM ring.central.CentralServer run
INFO: - CENTRAL SERVER: endpoint running at port 8000 ...
Oct 27, 2023 3:47:09 PM ring.server.CentralServerImplementation processHello
INFO: - CENTRAL SERVER : Received Hello from: 5001
Oct 27, 2023 3:47:13 PM ring.server.CentralServerImplementation processHello
INFO: - CENTRAL SERVER : Received Hello from: 5001
Oct 27, 2023 3:47:18 PM ring.server.CentralServerImplementation processHello
INFO: - CENTRAL SERVER : Received Hello from: 5000
Oct 27, 2023 3:47:19 PM ring.server.CentralServerImplementation processHello
INFO: - CENTRAL SERVER : Received Hello from: 5001
Oct 27, 2023 3:47:23 PM ring.server.CentralServerImplementation processHello
INFO: - CENTRAL SERVER : Received Hello from: 5001
Oct 27, 2023 3:47:25 PM ring.server.CentralServerImplementation processHello
INFO: - CENTRAL SERVER : Received Hello from: 5001
Oct 27, 2023 3:47:26 PM ring.server.CentralServerImplementation processHello
INFO: - CENTRAL SERVER : Received Hello from: 5000
Oct 27, 2023 3:47:36 PM ring.server.CentralServerImplementation processHello
INFO: - CENTRAL SERVER : Received Hello from: 5001
Oct 27, 2023 7:10:45 PM ring.central.CentralServer run
INFO: - CENTRAL SERVER: endpoint running at port 8000 ...
Oct 27, 2023 7:15:18 PM ring.central.CentralServer run
INFO: - CENTRAL SERVER: endpoint running at port 8000 ...
Oct 27, 2023 7:19:03 PM ring.central.CentralServer run
INFO: - CENTRAL SERVER: endpoint running at port 8000 ...
Oct 27, 2023 7:19:25 PM ring.central.CentralServer run
INFO: - CENTRAL SERVER: endpoint running at port 8000 ...
Oct 27, 2023 7:19:43 PM ring.central.CentralServer run
INFO: - CENTRAL SERVER: endpoint running at port 8000 ...
Nov 21, 2023 10:26:17 AM ring.central.CentralServer run
INFO: - CENTRAL SERVER: endpoint running at port 8000 ...
Nov 21, 2023 10:29:33 AM ring.central.CentralServer run
INFO: - CENTRAL SERVER: endpoint running at port 8000 ...
Nov 21, 2023 10:30:58 AM ring.central.CentralServer run
INFO: - CENTRAL SERVER: endpoint running at port 8000 ...
Nov 21, 2023 10:37:33 AM ring.central.CentralServer run
INFO: - CENTRAL SERVER: endpoint running at port 8000 ...
Nov 21, 2023 10:40:38 AM ring.central.CentralServer run
INFO: - CENTRAL SERVER: endpoint running at port 8000 ...
Nov 21, 2023 10:42:14 AM ring.central.CentralServer run
INFO: - CENTRAL SERVER: endpoint running at port 8000 ...
Nov 21, 2023 10:44:25 AM ring.central.CentralServer run
INFO: - CENTRAL SERVER: endpoint running at port 8000 ...
Nov 21, 2023 10:44:34 AM ring.central.CentralServer run
INFO: - CENTRAL SERVER: endpoint running at port 8000 ...
Nov 21, 2023 10:45:55 AM ring.central.CentralServer run
INFO: - CENTRAL SERVER: endpoint running at port 8000 ...
Nov 21, 2023 10:52:08 AM ring.central.CentralServer run
INFO: - CENTRAL SERVER: endpoint running at port 8000 ...
Nov 21, 2023 10:57:38 AM ring.central.CentralServer run
INFO: - CENTRAL SERVER: endpoint running at port 8000 ...
Nov 21, 2023 10:58:24 AM ring.central.CentralServer run
INFO: - CENTRAL SERVER: endpoint running at port 8000 ...
Nov 21, 2023 10:58:38 AM ring.central.CentralServer run
INFO: - CENTRAL SERVER: endpoint running at port 8000 ...
Nov 21, 2023 10:59:06 AM ring.central.CentralServer run
INFO: - CENTRAL SERVER: endpoint running at port 8000 ...
Nov 21, 2023 10:59:23 AM ring.central.CentralServer run
INFO: - CENTRAL SERVER: endpoint running at port 8000 ...
