Oct 25, 2023 7:17:50 PM peer.client.PeerClient run
INFO: client: endpoint running ...

Oct 25, 2023 7:17:50 PM peer.server.PeerServer run
INFO: server: endpoint running at port 5000 ...
Oct 25, 2023 7:17:58 PM peer.server.PeerServerImplementation sendHello
INFO: - PEER SERVER <5000>:  Received hello job request
Oct 25, 2023 7:17:58 PM peer.client.PeerClient run
INFO: - PEER CLIENT: Hello message sent to peer server
Oct 25, 2023 7:17:58 PM peer.server.PeerServerImplementation processCommandQueue
INFO: - PEER SERVER <5000>: Started Processing command queue.
Oct 25, 2023 7:17:58 PM peer.server.PeerServerImplementation$1 run
INFO: - PEER SERVER (RESPONSE): Hello 5000,I am server_name
Oct 25, 2023 7:17:58 PM peer.server.PeerServerImplementation processCommandQueue
INFO: - PEER SERVER <5000>:  Finished Processing command queue.
Oct 25, 2023 7:18:05 PM peer.server.PeerServerImplementation sendHello
INFO: - PEER SERVER <5000>:  Received hello job request
Oct 25, 2023 7:18:05 PM peer.server.PeerServerImplementation processCommandQueue
INFO: - PEER SERVER <5000>: Started Processing command queue.
Oct 25, 2023 7:18:05 PM peer.client.PeerClient run
INFO: - PEER CLIENT: Hello message sent to peer server
Oct 25, 2023 7:18:05 PM peer.server.PeerServerImplementation$1 run
INFO: - PEER SERVER (RESPONSE): Hello 5000,I am server_name
Oct 25, 2023 7:18:05 PM peer.server.PeerServerImplementation processCommandQueue
INFO: - PEER SERVER <5000>:  Finished Processing command queue.
Oct 25, 2023 7:18:29 PM peer.server.PeerServerImplementation sendHello
INFO: - PEER SERVER <5000>:  Received hello job request
Oct 25, 2023 7:18:29 PM peer.client.PeerClient run
INFO: - PEER CLIENT: Hello message sent to peer server
Oct 25, 2023 7:18:29 PM peer.server.PeerServerImplementation processCommandQueue
INFO: - PEER SERVER <5000>: Started Processing command queue.
Oct 25, 2023 7:18:29 PM peer.server.PeerServerImplementation$1 run
INFO: - PEER SERVER (RESPONSE): Hello 5000,I am server_name
Oct 25, 2023 7:18:29 PM peer.server.PeerServerImplementation processCommandQueue
INFO: - PEER SERVER <5000>:  Finished Processing command queue.
Oct 25, 2023 7:18:34 PM peer.server.PeerServerImplementation sendHello
INFO: - PEER SERVER <5000>:  Received hello job request
Oct 25, 2023 7:18:34 PM peer.client.PeerClient run
INFO: - PEER CLIENT: Hello message sent to peer server
Oct 25, 2023 7:18:34 PM peer.server.PeerServerImplementation processCommandQueue
INFO: - PEER SERVER <5000>: Started Processing command queue.
Oct 25, 2023 7:18:34 PM peer.server.PeerServerImplementation$1 run
INFO: - PEER SERVER (RESPONSE): Hello 5000,I am server_name
Oct 25, 2023 7:18:34 PM peer.server.PeerServerImplementation processCommandQueue
INFO: - PEER SERVER <5000>:  Finished Processing command queue.
Oct 25, 2023 7:18:35 PM peer.server.PeerServerImplementation sendHello
INFO: - PEER SERVER <5000>:  Received hello job request
Oct 25, 2023 7:18:35 PM peer.client.PeerClient run
INFO: - PEER CLIENT: Hello message sent to peer server
Oct 25, 2023 7:18:35 PM peer.server.PeerServerImplementation processCommandQueue
INFO: - PEER SERVER <5000>: Started Processing command queue.
Oct 25, 2023 7:18:35 PM peer.server.PeerServerImplementation$1 run
INFO: - PEER SERVER (RESPONSE): Hello 5000,I am server_name
Oct 25, 2023 7:18:35 PM peer.server.PeerServerImplementation processCommandQueue
INFO: - PEER SERVER <5000>:  Finished Processing command queue.
